Removed Parameter Availability:Unavailable from Part S?
Removed Parameter Availability:Unavailable from Part S?
Removed Parameter Availability:Unavailable from Part S?
Removed Parameter Availability:Unavailable from Part S?
Removed Parameter Availability:Unavailable from Part S?
Removed Parameter Availability:Unavailable from Part S?
Removed Parameter MF:Omron from Part S?
Removed Parameter MF:Omron from Part S?
Removed Parameter MF:Omron from Part S?
Removed Parameter MF:Omron from Part S?
Removed Parameter MF:Omron from Part S?
Removed Parameter MF:Omron from Part S?
Removed Parameter MP:B3F-1000 from Part S?
Removed Parameter MP:B3F-1000 from Part S?
Removed Parameter MP:B3F-1000 from Part S?
Removed Parameter MP:B3F-1000 from Part S?
Removed Parameter MP:B3F-1000 from Part S?
Removed Parameter MP:B3F-1000 from Part S?
Removed Parameter Package:None from Part S?
Removed Parameter Package:None from Part S?
Removed Parameter Package:None from Part S?
Removed Parameter Package:None from Part S?
Removed Parameter Package:None from Part S?
Removed Parameter Package:None from Part S?
Removed Parameter Price:None from Part S?
Removed Parameter Price:None from Part S?
Removed Parameter Price:None from Part S?
Removed Parameter Price:None from Part S?
Removed Parameter Price:None from Part S?
Removed Parameter Price:None from Part S?
Removed Parameter SnapEDA_Link:https://www.snapeda.com/parts/B3F-1000/Omron%20Electronics%20Inc-EMC%20Div/view-part/48569/?ref=snap from Part S?
Removed Parameter SnapEDA_Link:https://www.snapeda.com/parts/B3F-1000/Omron%20Electronics%20Inc-EMC%20Div/view-part/48569/?ref=snap from Part S?
Removed Parameter SnapEDA_Link:https://www.snapeda.com/parts/B3F-1000/Omron%20Electronics%20Inc-EMC%20Div/view-part/48569/?ref=snap from Part S?
Removed Parameter SnapEDA_Link:https://www.snapeda.com/parts/B3F-1000/Omron%20Electronics%20Inc-EMC%20Div/view-part/48569/?ref=snap from Part S?
Removed Parameter SnapEDA_Link:https://www.snapeda.com/parts/B3F-1000/Omron%20Electronics%20Inc-EMC%20Div/view-part/48569/?ref=snap from Part S?
Removed Parameter SnapEDA_Link:https://www.snapeda.com/parts/B3F-1000/Omron%20Electronics%20Inc-EMC%20Div/view-part/48569/?ref=snap from Part S?
Removed Parameter Value:* from Part S?
Removed Parameter Value:* from Part S?
Removed Parameter Value:* from Part S?
Removed Parameter Value:* from Part S?
Removed Parameter Value:* from Part S?
Removed Parameter Value:* from Part S?
Change Component Parameter Description in S? Old= New=Switch
Change Component Parameter Description in S? Old= New=Switch
Change Component Parameter Description in S? Old= New=Switch
Change Component Parameter Description in S? Old= New=Switch
Change Component Parameter Description in S? Old= New=Switch
Change Component Parameter Description in S? Old= New=Switch
Change Component Parameter Library Reference in S? Old=TACT SWITCH SMD New=TACTSWITCH_12x12
Change Component Parameter Library Reference in S? Old=TACT SWITCH SMD New=TACTSWITCH_12x12
Change Component Parameter Library Reference in S? Old=TACT SWITCH SMD New=TACTSWITCH_12x12
Change Component Parameter Library Reference in S? Old=TACT SWITCH SMD New=TACTSWITCH_12x12
Change Component Parameter Library Reference in S? Old=TACT SWITCH SMD New=TACTSWITCH_12x12
Change Component Parameter Library Reference in S? Old=TACT SWITCH SMD New=TACTSWITCH_12x12
Replace Symbol from S? TACTSWITCH_12x12 in C:\Users\ugurk\Desktop\AUTetris\HW\AUTetris\Schematic.SchDoc with TACTSWITCH_12x12 from uAltiumLib.IntLib
Replace Symbol from S? TACTSWITCH_12x12 in C:\Users\ugurk\Desktop\AUTetris\HW\AUTetris\Schematic.SchDoc with TACTSWITCH_12x12 from uAltiumLib.IntLib
Replace Symbol from S? TACTSWITCH_12x12 in C:\Users\ugurk\Desktop\AUTetris\HW\AUTetris\Schematic.SchDoc with TACTSWITCH_12x12 from uAltiumLib.IntLib
Replace Symbol from S? TACTSWITCH_12x12 in C:\Users\ugurk\Desktop\AUTetris\HW\AUTetris\Schematic.SchDoc with TACTSWITCH_12x12 from uAltiumLib.IntLib
Replace Symbol from S? TACTSWITCH_12x12 in C:\Users\ugurk\Desktop\AUTetris\HW\AUTetris\Schematic.SchDoc with TACTSWITCH_12x12 from uAltiumLib.IntLib
Replace Symbol from S? TACTSWITCH_12x12 in C:\Users\ugurk\Desktop\AUTetris\HW\AUTetris\Schematic.SchDoc with TACTSWITCH_12x12 from uAltiumLib.IntLib
